#
# A fatal error has been detected by the Java Runtime Environment:
#
#  EXCEPTION_ACCESS_VIOLATION (0xc0000005) at pc=0x0000000063c0efc0, pid=7124, tid=3532
#
# JRE version: Java(TM) SE Runtime Environment (8.0_51-b16) (build 1.8.0_51-b16)
# Java VM: Java HotSpot(TM) 64-Bit Server VM (25.51-b03 mixed mode windows-amd64 compressed oops)
# Problematic frame:
# V  [jvm.dll+0xdefc0]
#
# Failed to write core dump. Minidumps are not enabled by default on client versions of Windows
#
# If you would like to submit a bug report, please visit:
#   http://bugreport.java.com/bugreport/crash.jsp
#

---------------  T H R E A D  ---------------

Current thread (0x0000000021173800):  JavaThread "C1 CompilerThread2" daemon [_thread_in_vm, id=3532, stack(0x00000000228c0000,0x00000000229c0000)]

siginfo: ExceptionCode=0xc0000005, reading address 0xffffffffffffffff

Registers:
RAX=0x00000000033aaf59, RBX=0xf8050601f1000001, RCX=0x0000000012003000, RDX=0xf8050601f1000001
RSP=0x00000000229bef40, RBP=0x00000000033a6080, RSI=0x0000000002f75ee0, RDI=0x00000000033aaf40
R8 =0x0000000000000019, R9 =0x0000000000000000, R10=0x0001000002c30c07, R11=0x00000000033aaf40
R12=0x0000000000000000, R13=0x000000000007d000, R14=0x00000000031926c0, R15=0x0000000022d04a20
RIP=0x0000000063c0efc0, EFLAGS=0x0000000000010202

Top of Stack: (sp=0x00000000229bef40)
0x00000000229bef40:   0000000021174010 000000000000000c
0x00000000229bef50:   0000000000000019 0000000063c0f406
0x00000000229bef60:   00000000000005f8 0000000002f75ee0
0x00000000229bef70:   00000000229bf1b8 0000000000000000
0x00000000229bef80:   00000000000005f8 0000000063bbe8c6
0x00000000229bef90:   0000000000000000 0000000000000050
0x00000000229befa0:   00000000229bf1b8 0000000002f7d470
0x00000000229befb0:   0000000000000023 0000000063bcbd4b
0x00000000229befc0:   0000000002f7bb90 0000000002f7bb90
0x00000000229befd0:   00000000229bf1b8 00000000229bf179
0x00000000229befe0:   0000000000000000 00000000247dadb0
0x00000000229beff0:   00000000ffffffff 00000000000002b0
0x00000000229bf000:   00000000229bf028 0000000000000000
0x00000000229bf010:   000000000000000f 0000000063c1ac2b
0x00000000229bf020:   000002b0ffffffff 0000000064105148
0x00000000229bf030:   0000000000000000 0000000063bcd005 

Instructions: (pc=0x0000000063c0efc0)
0x0000000063c0efa0:   d9 41 8b f9 4d 8b d6 4d 85 f6 0f 84 0d 01 00 00
0x0000000063c0efb0:   4c 89 6c 24 20 4c 8b 2d 9c 76 6b 00 0f 1f 40 00
0x0000000063c0efc0:   49 8b 12 49 3b d0 72 28 4d 85 db 74 05 48 3b da
0x0000000063c0efd0:   76 1e 45 84 e4 75 10 48 8b 4e 08 4b 8d 04 02 49 


Register to memory mapping:

RAX=
[error occurred during error reporting (printing register info), id 0xc0000005]

Stack: [0x00000000228c0000,0x00000000229c0000],  sp=0x00000000229bef40,  free space=1019k
Native frames: (J=compiled Java code, j=interpreted, Vv=VM code, C=native code)
V  [jvm.dll+0xdefc0]
V  [jvm.dll+0xdf406]
V  [jvm.dll+0x8e8c6]
V  [jvm.dll+0x9bd4b]
V  [jvm.dll+0x3031e]
V  [jvm.dll+0x405419]
V  [jvm.dll+0x4063d4]
V  [jvm.dll+0x406581]
V  [jvm.dll+0x40678f]
V  [jvm.dll+0xa43a2]
V  [jvm.dll+0xa4cdf]
V  [jvm.dll+0x2418a4]
V  [jvm.dll+0x29846a]
C  [msvcr100.dll+0x21d9f]
C  [msvcr100.dll+0x21e3b]
C  [KERNEL32.DLL+0x8364]
C  [ntdll.dll+0x670d1]


Current CompileTask:
C1:   4963  898       3       sun.java2d.loops.CompositeType::equals (29 bytes)


---------------  P R O C E S S  ---------------

Java Threads: ( => current thread )
  0x000000002464f800 JavaThread "TimerQueue" daemon [_thread_blocked, id=8620, stack(0x000000002bcf0000,0x000000002bdf0000)]
  0x0000000022d53000 JavaThread "D3D Screen Updater" daemon [_thread_blocked, id=2084, stack(0x00000000292e0000,0x00000000293e0000)]
  0x0000000002f80800 JavaThread "DestroyJavaVM" [_thread_blocked, id=5800, stack(0x0000000002de0000,0x0000000002ee0000)]
  0x00000000245f7800 JavaThread "AWT-EventQueue-0" [_thread_blocked, id=13960, stack(0x0000000028ca0000,0x0000000028da0000)]
  0x0000000022d4a800 JavaThread "AWT-Windows" daemon [_thread_in_native, id=9248, stack(0x00000000235b0000,0x00000000236b0000)]
  0x0000000022d46800 JavaThread "AWT-Shutdown" [_thread_blocked, id=14252, stack(0x00000000234b0000,0x00000000235b0000)]
  0x0000000022d44000 JavaThread "Java2D Disposer" daemon [_thread_blocked, id=12468, stack(0x00000000233b0000,0x00000000234b0000)]
  0x00000000229f0800 JavaThread "Service Thread" daemon [_thread_blocked, id=6888, stack(0x0000000022dc0000,0x0000000022ec0000)]
=>0x0000000021173800 JavaThread "C1 CompilerThread2" daemon [_thread_in_vm, id=3532, stack(0x00000000228c0000,0x00000000229c0000)]
  0x0000000021170800 JavaThread "C2 CompilerThread1" daemon [_thread_blocked, id=3624, stack(0x00000000227c0000,0x00000000228c0000)]
  0x000000002116c800 JavaThread "C2 CompilerThread0" daemon [_thread_blocked, id=10944, stack(0x00000000226c0000,0x00000000227c0000)]
  0x000000002116b000 JavaThread "Attach Listener" daemon [_thread_blocked, id=8668, stack(0x00000000225c0000,0x00000000226c0000)]
  0x000000002116a000 JavaThread "Signal Dispatcher" daemon [_thread_blocked, id=12948, stack(0x00000000224c0000,0x00000000225c0000)]
  0x0000000003076000 JavaThread "Finalizer" daemon [_thread_blocked, id=7540, stack(0x00000000223c0000,0x00000000224c0000)]
  0x000000000306d000 JavaThread "Reference Handler" daemon [_thread_blocked, id=11384, stack(0x00000000222c0000,0x00000000223c0000)]

Other Threads:
  0x0000000021137800 VMThread [stack: 0x00000000221c0000,0x00000000222c0000] [id=9340]
  0x000000002117e000 WatcherThread [stack: 0x0000000022ec0000,0x0000000022fc0000] [id=6332]

VM state:not at safepoint (normal execution)

VM Mutex/Monitor currently owned by a thread:  ([mutex/lock_event])
[0x0000000002f7bb90] CodeCache_lock - owner thread: 0x0000000021173800
[0x0000000002f7d470] Compile_lock - owner thread: 0x0000000021173800
[0x0000000002f7e270] MethodCompileQueue_lock - owner thread: 0x0000000021173800

Heap:
 PSYoungGen      total 114688K, used 17695K [0x0000000740500000, 0x0000000748500000, 0x00000007c0000000)
  eden space 98304K, 18% used [0x0000000740500000,0x0000000741647eb8,0x0000000746500000)
  from space 16384K, 0% used [0x0000000747500000,0x0000000747500000,0x0000000748500000)
  to   space 16384K, 0% used [0x0000000746500000,0x0000000746500000,0x0000000747500000)
 ParOldGen       total 262144K, used 0K [0x0000000640e00000, 0x0000000650e00000, 0x0000000740500000)
  object space 262144K, 0% used [0x0000000640e00000,0x0000000640e00000,0x0000000650e00000)
 Metaspace       used 10464K, capacity 10628K, committed 10880K, reserved 1058816K
  class space    used 1279K, capacity 1350K, committed 1408K, reserved 1048576K

Card table byte_map: [0x0000000012440000,0x0000000013040000] byte_map_base: 0x000000000f239000

Marking Bits: (ParMarkBitMap*) 0x0000000064334040
 Begin Bits: [0x0000000013c40000, 0x0000000019c08000)
 End Bits:   [0x0000000019c08000, 0x000000001fbd0000)

Polling page: 0x0000000002d80000

CodeCache: size=245760Kb used=3297Kb max_used=3297Kb free=242462Kb
 bounds [0x0000000003080000, 0x00000000033c0000, 0x0000000012080000]
 total_blobs=1367 nmethods=897 adapters=382
 compilation: enabled

Compilation events (10 events):
Event: 4.877 Thread 0x0000000021173800 nmethod 893 0x00000000033b3a90 code [0x00000000033b3c00, 0x00000000033b3e10]
Event: 4.891 Thread 0x0000000021173800  894       3       sun.java2d.pipe.BufferedContext::setSurfaces (49 bytes)
Event: 4.893 Thread 0x0000000021173800 nmethod 894 0x00000000033b3ed0 code [0x00000000033b40c0, 0x00000000033b4ea8]
Event: 4.902 Thread 0x0000000021173800  895       1       javax.swing.plaf.basic.BasicSliderUI::access$200 (5 bytes)
Event: 4.902 Thread 0x0000000021173800 nmethod 895 0x00000000033b54d0 code [0x00000000033b5620, 0x00000000033b5710]
Event: 4.902 Thread 0x0000000021173800  896       1       javax.swing.DefaultBoundedRangeModel::getValueIsAdjusting (5 bytes)
Event: 4.902 Thread 0x0000000021173800 nmethod 896 0x00000000033b5790 code [0x00000000033b58e0, 0x00000000033b59f0]
Event: 4.903 Thread 0x0000000021173800  897       3       sun.java2d.loops.Blit::getFromCache (132 bytes)
Event: 4.908 Thread 0x0000000021173800 nmethod 897 0x00000000033b5a50 code [0x00000000033b5e80, 0x00000000033b88b8]
Event: 4.924 Thread 0x0000000021173800  898       3       sun.java2d.loops.CompositeType::equals (29 bytes)

GC Heap History (0 events):
No events

Deoptimization events (7 events):
Event: 0.153 Thread 0x0000000002f80800 Uncommon trap: reason=null_check action=make_not_entrant pc=0x00000000031f761c method=java.lang.String.equals(Ljava/lang/Object;)Z @ 8
Event: 1.872 Thread 0x00000000245f7800 Uncommon trap: reason=class_check action=maybe_recompile pc=0x0000000003208518 method=java.lang.String.equals(Ljava/lang/Object;)Z @ 8
Event: 1.872 Thread 0x00000000245f7800 Uncommon trap: reason=class_check action=maybe_recompile pc=0x0000000003208518 method=java.lang.String.equals(Ljava/lang/Object;)Z @ 8
Event: 1.872 Thread 0x00000000245f7800 Uncommon trap: reason=class_check action=maybe_recompile pc=0x0000000003208518 method=java.lang.String.equals(Ljava/lang/Object;)Z @ 8
Event: 2.351 Thread 0x00000000245f7800 Uncommon trap: reason=class_check action=maybe_recompile pc=0x0000000003208518 method=java.lang.String.equals(Ljava/lang/Object;)Z @ 8
Event: 2.353 Thread 0x00000000245f7800 Uncommon trap: reason=unstable_if action=reinterpret pc=0x00000000032edcf4 method=java.awt.Component.inside(II)Z @ 1
Event: 3.849 Thread 0x00000000245f7800 Uncommon trap: reason=unstable_if action=reinterpret pc=0x000000000333d434 method=java.awt.Container.findComponentAtImpl(IIZ)Ljava/awt/Component; @ 28

Internal exceptions (10 events):
Event: 0.028 Thread 0x0000000002f80800 Exception <a 'java/lang/NoSuchMethodError': Method sun.misc.Unsafe.prefetchRead(Ljava/lang/Object;J)V name or signature does not match> (0x000000074050d838) thrown at [C:\re\workspace\8-2-build-windows-amd64-cygwin\jdk8u51\3951\hotspot\src\share\vm\prims\jü†¨!@µ?
Event: 0.082 Thread 0x0000000002f80800 Exception <a 'java/security/PrivilegedActionException'> (0x0000000740590da0) thrown at [C:\re\workspace\8-2-build-windows-amd64-cygwin\jdk8u51\3951\hotspot\src\share\vm\prims\jvm.cpp, line 1382]
Event: 0.082 Thread 0x0000000002f80800 Exception <a 'java/security/PrivilegedActionException'> (0x0000000740590f58) thrown at [C:\re\workspace\8-2-build-windows-amd64-cygwin\jdk8u51\3951\hotspot\src\share\vm\prims\jvm.cpp, line 1382]
Event: 0.083 Thread 0x0000000002f80800 Exception <a 'java/security/PrivilegedActionException'> (0x0000000740594cf0) thrown at [C:\re\workspace\8-2-build-windows-amd64-cygwin\jdk8u51\3951\hotspot\src\share\vm\prims\jvm.cpp, line 1382]
Event: 0.083 Thread 0x0000000002f80800 Exception <a 'java/security/PrivilegedActionException'> (0x0000000740594ea8) thrown at [C:\re\workspace\8-2-build-windows-amd64-cygwin\jdk8u51\3951\hotspot\src\share\vm\prims\jvm.cpp, line 1382]
Event: 0.087 Thread 0x0000000002f80800 Exception <a 'java/io/FileNotFoundException'> (0x0000000740597458) thrown at [C:\re\workspace\8-2-build-windows-amd64-cygwin\jdk8u51\3951\hotspot\src\share\vm\prims\jni.cpp, line 709]
Event: 0.132 Thread 0x0000000002f80800 Exception <a 'java/lang/NoSuchFieldError': method resolution failed> (0x0000000740680540) thrown at [C:\re\workspace\8-2-build-windows-amd64-cygwin\jdk8u51\3951\hotspot\src\share\vm\prims\methodHandles.cpp, line 1125]
Event: 0.133 Thread 0x0000000002f80800 Exception <a 'java/lang/NoSuchFieldError': method resolution failed> (0x000000074068ef80) thrown at [C:\re\workspace\8-2-build-windows-amd64-cygwin\jdk8u51\3951\hotspot\src\share\vm\prims\methodHandles.cpp, line 1125]
Event: 0.153 Thread 0x0000000002f80800 Implicit null exception at 0x00000000031f7426 to 0x00000000031f760d
Event: 0.157 Thread 0x0000000002f80800 Exception <a 'java/io/FileNotFoundException'> (0x0000000740b30390) thrown at [C:\re\workspace\8-2-build-windows-amd64-cygwin\jdk8u51\3951\hotspot\src\share\vm\prims\jni.cpp, line 709]

Events (10 events):
Event: 3.767 loading class javax/swing/plaf/basic/BasicComboBoxUI done
Event: 3.772 loading class javax/swing/plaf/basic/BasicPopupMenuUI$MouseGrabber$2
Event: 3.773 loading class javax/swing/plaf/basic/BasicPopupMenuUI$MouseGrabber$2 done
Event: 3.773 loading class java/awt/KeyboardFocusManager$4
Event: 3.774 loading class java/awt/KeyboardFocusManager$4 done
Event: 3.849 Thread 0x00000000245f7800 Uncommon trap: trap_request=0xffffff65 fr.pc=0x000000000333d434
Event: 3.849 Thread 0x00000000245f7800 DEOPT PACKING pc=0x000000000333d434 sp=0x0000000028d9c7d0
Event: 3.849 Thread 0x00000000245f7800 DEOPT UNPACKING pc=0x00000000030c582a sp=0x0000000028d9c708 mode 2
Event: 4.067 Executing VM operation: EnableBiasedLocking
Event: 4.067 Executing VM operation: EnableBiasedLocking done


Dynamic libraries:
0x00007ff6e0af0000 - 0x00007ff6e0b27000 	C:\Program Files\Java\jdk1.8.0_51\jre\bin\java.exe
0x00007ffd8ba00000 - 0x00007ffd8bbd1000 	C:\WINDOWS\SYSTEM32\ntdll.dll
0x00007ffd8b820000 - 0x00007ffd8b8cb000 	C:\WINDOWS\System32\KERNEL32.DLL
0x00007ffd88960000 - 0x00007ffd88b7d000 	C:\WINDOWS\System32\KERNELBASE.dll
0x00007ffd8aa70000 - 0x00007ffd8ab12000 	C:\WINDOWS\System32\ADVAPI32.dll
0x00007ffd8b510000 - 0x00007ffd8b5ae000 	C:\WINDOWS\System32\msvcrt.dll
0x00007ffd8b7c0000 - 0x00007ffd8b819000 	C:\WINDOWS\System32\sechost.dll
0x00007ffd8a4a0000 - 0x00007ffd8a5c1000 	C:\WINDOWS\System32\RPCRT4.dll
0x00007ffd8b5b0000 - 0x00007ffd8b715000 	C:\WINDOWS\System32\USER32.dll
0x00007ffd87f50000 - 0x00007ffd87f6e000 	C:\WINDOWS\System32\win32u.dll
0x00007ffd8a630000 - 0x00007ffd8a664000 	C:\WINDOWS\System32\GDI32.dll
0x00007ffd88e00000 - 0x00007ffd88f82000 	C:\WINDOWS\System32\gdi32full.dll
0x00007ffd7dd70000 - 0x00007ffd7dfea000 	C:\WINDOWS\WinSxS\amd64_microsoft.windows.common-controls_6595b64144ccf1df_6.0.14393.953_none_42151e83c686086b\COMCTL32.dll
0x00007ffd8a670000 - 0x00007ffd8a938000 	C:\WINDOWS\System32\combase.dll
0x00007ffd87fe0000 - 0x00007ffd880d5000 	C:\WINDOWS\System32\ucrtbase.dll
0x00007ffd87f70000 - 0x00007ffd87fda000 	C:\WINDOWS\System32\bcryptPrimitives.dll
0x00007ffd8b160000 - 0x00007ffd8b18e000 	C:\WINDOWS\System32\IMM32.DLL
0x00000000650a0000 - 0x0000000065172000 	C:\Program Files\Java\jdk1.8.0_51\jre\bin\msvcr100.dll
0x0000000063b30000 - 0x00000000643b3000 	C:\Program Files\Java\jdk1.8.0_51\jre\bin\server\jvm.dll
0x00007ffd8b8f0000 - 0x00007ffd8b8f8000 	C:\WINDOWS\System32\PSAPI.DLL
0x00007ffd80390000 - 0x00007ffd80399000 	C:\WINDOWS\SYSTEM32\WSOCK32.dll
0x00007ffd85fa0000 - 0x00007ffd85fc3000 	C:\WINDOWS\SYSTEM32\WINMM.dll
0x00007ffd84160000 - 0x00007ffd8416a000 	C:\WINDOWS\SYSTEM32\VERSION.dll
0x00007ffd8a940000 - 0x00007ffd8a9aa000 	C:\WINDOWS\System32\WS2_32.dll
0x0000000002db0000 - 0x0000000002ddb000 	C:\WINDOWS\SYSTEM32\WINMMBASE.dll
0x00007ffd88230000 - 0x00007ffd88272000 	C:\WINDOWS\System32\cfgmgr32.dll
0x00000000656f0000 - 0x00000000656ff000 	C:\Program Files\Java\jdk1.8.0_51\jre\bin\verify.dll
0x00000000656c0000 - 0x00000000656e9000 	C:\Program Files\Java\jdk1.8.0_51\jre\bin\java.dll
0x00000000656a0000 - 0x00000000656b6000 	C:\Program Files\Java\jdk1.8.0_51\jre\bin\zip.dll
0x00007ffd88f90000 - 0x00007ffd8a498000 	C:\WINDOWS\System32\SHELL32.dll
0x00007ffd88280000 - 0x00007ffd8895a000 	C:\WINDOWS\System32\windows.storage.dll
0x00007ffd87e80000 - 0x00007ffd87ecc000 	C:\WINDOWS\System32\powrprof.dll
0x00007ffd8acd0000 - 0x00007ffd8ad22000 	C:\WINDOWS\System32\shlwapi.dll
0x00007ffd87ed0000 - 0x00007ffd87edf000 	C:\WINDOWS\System32\kernel.appcore.dll
0x00007ffd88180000 - 0x00007ffd88229000 	C:\WINDOWS\System32\shcore.dll
0x00007ffd87e60000 - 0x00007ffd87e74000 	C:\WINDOWS\System32\profapi.dll
0x0000000064ec0000 - 0x0000000065058000 	C:\Program Files\Java\jdk1.8.0_51\jre\bin\awt.dll
0x00007ffd8a9b0000 - 0x00007ffd8aa6f000 	C:\WINDOWS\System32\OLEAUT32.dll
0x00007ffd880e0000 - 0x00007ffd8817c000 	C:\WINDOWS\System32\msvcp_win.dll
0x00007ffd863e0000 - 0x00007ffd8645a000 	C:\WINDOWS\SYSTEM32\apphelp.dll
0x00007ffd864e0000 - 0x00007ffd86575000 	C:\WINDOWS\system32\uxtheme.dll
0x00007ffd8b190000 - 0x00007ffd8b2ea000 	C:\WINDOWS\System32\MSCTF.dll
0x00007ffd85930000 - 0x00007ffd85956000 	C:\WINDOWS\system32\dwmapi.dll
0x00007ffd8ab20000 - 0x00007ffd8ac57000 	C:\WINDOWS\System32\ole32.dll
0x0000000064e70000 - 0x0000000064eb7000 	C:\Program Files\Java\jdk1.8.0_51\jre\bin\fontmanager.dll
0x00007ffd74120000 - 0x00007ffd742ad000 	C:\WINDOWS\system32\d3d9.dll
0x00007ffd83e20000 - 0x00007ffd83fa1000 	C:\WINDOWS\System32\DriverStore\FileRepository\c0311139.inf_amd64_2aa9c01a2af97538\aticfx64.dll
0x00007ffd59fb0000 - 0x00007ffd59fd9000 	C:\WINDOWS\System32\DriverStore\FileRepository\c0311139.inf_amd64_2aa9c01a2af97538\atiu9p64.dll
0x00007ffd59670000 - 0x00007ffd59fa4000 	C:\WINDOWS\System32\DriverStore\FileRepository\c0311139.inf_amd64_2aa9c01a2af97538\atiumd64.dll
0x00000000657a0000 - 0x000000006639b000 	C:\WINDOWS\System32\DriverStore\FileRepository\c0311139.inf_amd64_2aa9c01a2af97538\atiumd6a.dll
0x0000000065080000 - 0x000000006509a000 	C:\Program Files\Java\jdk1.8.0_51\jre\bin\net.dll
0x00007ffd87790000 - 0x00007ffd877ec000 	C:\WINDOWS\system32\mswsock.dll
0x0000000065060000 - 0x0000000065071000 	C:\Program Files\Java\jdk1.8.0_51\jre\bin\nio.dll
0x0000000064e20000 - 0x0000000064e62000 	C:\Program Files\Java\jdk1.8.0_51\jre\bin\t2k.dll
0x00007ffd76f30000 - 0x00007ffd770c2000 	C:\WINDOWS\SYSTEM32\dbghelp.dll

VM Arguments:
jvm_args: -Dfile.encoding=UTF-8 
java_command: dsfinal.main
java_class_path (initial): F:\AP Comp\Adv Comp Sci\DataStructuresFinal\DSFinal\build\classes
Launcher Type: SUN_STANDARD

Environment Variables:
PATH=C:\Program Files (x86)\NVIDIA Corporation\PhysX\Common;C:\Program Files (x86)\Intel\iCLS Client\;C:\Program Files\Intel\iCLS Client\;C:\ProgramData\Oracle\Java\javapath;C:\WINDOWS\system32;C:\WINDOWS;C:\WINDOWS\System32\Wbem;C:\WINDOWS\System32\WindowsPowerShell\v1.0\;C:\Program Files (x86)\ATI Technologies\ATI.ACE\Core-Static;C:\Program Files (x86)\Intel\Intel(R) Management Engine Components\DAL;C:\Program Files\Intel\Intel(R) Management Engine Components\DAL;C:\Program Files (x86)\Intel\Intel(R) Management Engine Components\IPT;C:\Program Files\Intel\Intel(R) Management Engine Components\IPT;C:\Program Files (x86)\AMD\ATI.ACE\Core-Static;C:\Program Files (x86)\Common Files\Acronis\SnapAPI\;C:\Program Files\Common Files\Autodesk Shared\;C:\Program Files (x86)\Windows Kits\10\Windows Performance Toolkit\;C:\Program Files (x86)\Windows Live\Shared;C:\Program Files (x86)\Java\jdk1.8.0_51\bin\;C:\Program Files\LLVM\bin;C:\Users\Anthony\AppData\Local\atom\bin;C:\Users\Anthony\AppData\Local\Microsoft\WindowsApps
USERNAME=Anthony
OS=Windows_NT
PROCESSOR_IDENTIFIER=Intel64 Family 6 Model 60 Stepping 3, GenuineIntel



---------------  S Y S T E M  ---------------

OS: Windows 10.0 , 64 bit Build 14393 (10.0.14393.0)

CPU:total 4 (4 cores per cpu, 1 threads per core) family 6 model 60 stepping 3, cmov, cx8, fxsr, mmx, sse, sse2, sse3, ssse3, sse4.1, sse4.2, popcnt, avx, avx2, aes, clmul, erms, lzcnt, tsc, tscinvbit, bmi1, bmi2

Memory: 4k page, physical 25103388k(19376892k free), swap 36899868k(28921152k free)

vm_info: Java HotSpot(TM) 64-Bit Server VM (25.51-b03) for windows-amd64 JRE (1.8.0_51-b16), built on Jun  8 2015 18:03:07 by "java_re" with MS VC++ 10.0 (VS2010)

time: Tue Apr 18 19:34:10 2017
elapsed time: 4 seconds (0d 0h 0m 4s)

